::1 - - [14/Jul/2024:20:24:18 +0300] "GET / HTTP/1.1" 200 1106
::1 - - [14/Jul/2024:20:24:19 +0300] "GET /style.css HTTP/1.1" 304 -
::1 - - [14/Jul/2024:20:24:19 +0300] "GET /scripts/auth.js HTTP/1.1" 304 -
::1 - - [15/Jul/2024:01:12:54 +0300] "GET / HTTP/1.1" 200 1106
::1 - - [17/Jul/2024:22:57:40 +0300] "GET / HTTP/1.1" 200 1106
::1 - - [17/Jul/2024:22:57:40 +0300] "GET /style.css HTTP/1.1" 304 -
::1 - - [17/Jul/2024:22:57:40 +0300] "GET /scripts/auth.js HTTP/1.1" 304 -
::1 - - [17/Jul/2024:22:57:42 +0300] "GET /favicon.ico HTTP/1.1" 404 196
::1 - - [17/Jul/2024:22:57:53 +0300] "POST /login_process.php HTTP/1.1" 200 142
::1 - - [17/Jul/2024:22:57:53 +0300] "GET / HTTP/1.1" 200 1116
::1 - - [17/Jul/2024:22:58:09 +0300] "GET / HTTP/1.1" 200 1106
::1 - - [17/Jul/2024:22:58:12 +0300] "GET /registration_form.php HTTP/1.1" 200 1341
::1 - - [17/Jul/2024:22:58:12 +0300] "GET /style_registration.css HTTP/1.1" 200 1126
::1 - - [17/Jul/2024:22:58:12 +0300] "GET /scripts/registration.js HTTP/1.1" 200 957
::1 - - [17/Jul/2024:22:59:47 +0300] "GET /registration_form.php HTTP/1.1" 200 1341
::1 - - [17/Jul/2024:22:59:48 +0300] "GET /style_registration.css HTTP/1.1" 200 1126
::1 - - [17/Jul/2024:22:59:48 +0300] "GET /scripts/registration.js HTTP/1.1" 200 957
::1 - - [17/Jul/2024:22:59:48 +0300] "GET /favicon.ico HTTP/1.1" 404 196
::1 - - [17/Jul/2024:23:02:23 +0300] "POST /registration_process.php HTTP/1.1" 400 135
::1 - - [17/Jul/2024:23:02:32 +0300] "POST /registration_process.php HTTP/1.1" 400 135
::1 - - [17/Jul/2024:23:02:36 +0300] "POST /registration_process.php HTTP/1.1" 400 135
::1 - - [17/Jul/2024:23:02:49 +0300] "POST /registration_process.php HTTP/1.1" 400 257
::1 - - [17/Jul/2024:23:02:56 +0300] "POST /registration_process.php HTTP/1.1" 200 142
::1 - - [17/Jul/2024:23:02:56 +0300] "GET / HTTP/1.1" 200 1124
::1 - - [17/Jul/2024:23:02:58 +0300] "POST /delete_user_process.php HTTP/1.1" 200 229
::1 - - [17/Jul/2024:23:02:58 +0300] "GET / HTTP/1.1" 200 1106
::1 - - [17/Jul/2024:23:03:56 +0300] "-" 408 -
::1 - - [17/Jul/2024:23:04:33 +0300] "GET /registration_form.php HTTP/1.1" 200 1341
::1 - - [17/Jul/2024:23:04:44 +0300] "POST /registration_process.php HTTP/1.1" 400 257
::1 - - [17/Jul/2024:23:04:55 +0300] "POST /registration_process.php HTTP/1.1" 400 215
::1 - - [17/Jul/2024:23:05:05 +0300] "POST /registration_process.php HTTP/1.1" 400 215
::1 - - [17/Jul/2024:23:08:27 +0300] "POST /registration_process.php HTTP/1.1" 200 142
::1 - - [17/Jul/2024:23:08:27 +0300] "GET / HTTP/1.1" 200 1122
::1 - - [17/Jul/2024:23:08:28 +0300] "POST /delete_user_process.php HTTP/1.1" 200 229
::1 - - [17/Jul/2024:23:08:28 +0300] "GET / HTTP/1.1" 200 1106
::1 - - [17/Jul/2024:23:08:30 +0300] "GET /registration_form.php HTTP/1.1" 200 1341
::1 - - [17/Jul/2024:23:08:45 +0300] "POST /registration_process.php HTTP/1.1" 400 224
::1 - - [17/Jul/2024:23:08:53 +0300] "POST /registration_process.php HTTP/1.1" 400 215
::1 - - [17/Jul/2024:23:11:17 +0300] "POST /registration_process.php HTTP/1.1" 400 215
::1 - - [17/Jul/2024:23:11:24 +0300] "POST /registration_process.php HTTP/1.1" 200 142
::1 - - [17/Jul/2024:23:11:24 +0300] "GET / HTTP/1.1" 200 1122
::1 - - [17/Jul/2024:23:11:25 +0300] "POST /delete_user_process.php HTTP/1.1" 200 229
::1 - - [17/Jul/2024:23:11:25 +0300] "GET / HTTP/1.1" 200 1106
::1 - - [17/Jul/2024:23:12:24 +0300] "-" 408 -
::1 - - [17/Jul/2024:23:13:47 +0300] "GET /registration_form.php HTTP/1.1" 200 1341
::1 - - [17/Jul/2024:23:13:57 +0300] "POST /registration_process.php HTTP/1.1" 400 369
::1 - - [17/Jul/2024:23:19:25 +0300] "GET /registration_form.php HTTP/1.1" 200 1341
::1 - - [17/Jul/2024:23:19:36 +0300] "POST /registration_process.php HTTP/1.1" 400 248
::1 - - [17/Jul/2024:23:19:54 +0300] "POST /registration_process.php HTTP/1.1" 400 291
::1 - - [17/Jul/2024:23:20:53 +0300] "POST /registration_process.php HTTP/1.1" 400 285
::1 - - [17/Jul/2024:23:21:34 +0300] "POST /registration_process.php HTTP/1.1" 400 285
::1 - - [17/Jul/2024:23:22:04 +0300] "POST /registration_process.php HTTP/1.1" 400 369
::1 - - [17/Jul/2024:23:22:19 +0300] "POST /registration_process.php HTTP/1.1" 200 142
::1 - - [17/Jul/2024:23:22:19 +0300] "GET / HTTP/1.1" 200 1122
::1 - - [17/Jul/2024:23:22:20 +0300] "POST /delete_user_process.php HTTP/1.1" 200 229
::1 - - [17/Jul/2024:23:22:20 +0300] "GET / HTTP/1.1" 200 1106
::1 - - [17/Jul/2024:23:22:27 +0300] "GET /registration_form.php HTTP/1.1" 200 1341
::1 - - [17/Jul/2024:23:22:43 +0300] "POST /registration_process.php HTTP/1.1" 400 257
::1 - - [17/Jul/2024:23:22:51 +0300] "POST /registration_process.php HTTP/1.1" 200 142
::1 - - [17/Jul/2024:23:22:51 +0300] "GET / HTTP/1.1" 200 1122
::1 - - [17/Jul/2024:23:23:02 +0300] "POST /delete_user_process.php HTTP/1.1" 200 229
::1 - - [17/Jul/2024:23:23:02 +0300] "GET / HTTP/1.1" 200 1106
::1 - - [17/Jul/2024:23:23:05 +0300] "GET /registration_form.php HTTP/1.1" 200 1341
::1 - - [17/Jul/2024:23:24:02 +0300] "-" 408 -
::1 - - [17/Jul/2024:23:24:19 +0300] "POST /registration_process.php HTTP/1.1" 200 142
::1 - - [17/Jul/2024:23:24:19 +0300] "GET / HTTP/1.1" 200 1122
::1 - - [17/Jul/2024:23:24:21 +0300] "POST /delete_user_process.php HTTP/1.1" 200 229
::1 - - [17/Jul/2024:23:24:21 +0300] "GET / HTTP/1.1" 200 1106
::1 - - [17/Jul/2024:23:25:08 +0300] "GET /registration_form.php HTTP/1.1" 200 1341
::1 - - [17/Jul/2024:23:25:20 +0300] "POST /registration_process.php HTTP/1.1" 400 257
::1 - - [17/Jul/2024:23:25:25 +0300] "POST /registration_process.php HTTP/1.1" 200 142
::1 - - [17/Jul/2024:23:25:25 +0300] "GET / HTTP/1.1" 200 1122
::1 - - [17/Jul/2024:23:26:23 +0300] "POST /delete_user_process.php HTTP/1.1" 200 229
::1 - - [17/Jul/2024:23:26:23 +0300] "GET / HTTP/1.1" 200 1106
::1 - - [17/Jul/2024:23:26:24 +0300] "GET /registration_form.php HTTP/1.1" 200 1341
::1 - - [17/Jul/2024:23:27:23 +0300] "-" 408 -
::1 - - [17/Jul/2024:23:30:07 +0300] "GET /registration_form.php HTTP/1.1" 200 1341
::1 - - [17/Jul/2024:23:30:19 +0300] "POST /registration_process.php HTTP/1.1" 400 288
::1 - - [17/Jul/2024:23:30:48 +0300] "POST /registration_process.php HTTP/1.1" 400 288
::1 - - [17/Jul/2024:23:31:07 +0300] "POST /registration_process.php HTTP/1.1" 400 257
::1 - - [17/Jul/2024:23:31:49 +0300] "POST /registration_process.php HTTP/1.1" 400 257
::1 - - [17/Jul/2024:23:32:05 +0300] "POST /registration_process.php HTTP/1.1" 400 288
::1 - - [17/Jul/2024:23:43:32 +0300] "GET /registration_form.php HTTP/1.1" 200 1341
::1 - - [17/Jul/2024:23:44:32 +0300] "-" 408 -
::1 - - [17/Jul/2024:23:48:30 +0300] "GET /registration_form.php HTTP/1.1" 200 1341
::1 - - [17/Jul/2024:23:48:40 +0300] "POST /registration_process.php HTTP/1.1" 400 257
::1 - - [17/Jul/2024:23:48:44 +0300] "POST /registration_process.php HTTP/1.1" 400 288
::1 - - [17/Jul/2024:23:48:54 +0300] "POST /registration_process.php HTTP/1.1" 400 610
::1 - - [17/Jul/2024:23:49:13 +0300] "POST /registration_process.php HTTP/1.1" 400 610
::1 - - [17/Jul/2024:23:49:23 +0300] "POST /registration_process.php HTTP/1.1" 400 610
::1 - - [17/Jul/2024:23:49:30 +0300] "POST /registration_process.php HTTP/1.1" 400 610
::1 - - [17/Jul/2024:23:49:45 +0300] "POST /registration_process.php HTTP/1.1" 400 610
::1 - - [17/Jul/2024:23:50:10 +0300] "POST /registration_process.php HTTP/1.1" 400 135
::1 - - [17/Jul/2024:23:50:16 +0300] "POST /registration_process.php HTTP/1.1" 200 142
::1 - - [17/Jul/2024:23:50:16 +0300] "GET / HTTP/1.1" 200 1124
::1 - - [17/Jul/2024:23:50:22 +0300] "GET / HTTP/1.1" 200 1106
::1 - - [17/Jul/2024:23:50:30 +0300] "POST /login_process.php HTTP/1.1" 200 142
::1 - - [17/Jul/2024:23:50:30 +0300] "GET / HTTP/1.1" 200 1124
::1 - - [17/Jul/2024:23:51:30 +0300] "-" 408 -
::1 - - [17/Jul/2024:23:51:49 +0300] "GET / HTTP/1.1" 200 1106
::1 - - [17/Jul/2024:23:51:50 +0300] "GET /registration_form.php HTTP/1.1" 200 1341
::1 - - [17/Jul/2024:23:52:11 +0300] "POST /registration_process.php HTTP/1.1" 400 257
::1 - - [17/Jul/2024:23:52:16 +0300] "POST /registration_process.php HTTP/1.1" 400 288
::1 - - [17/Jul/2024:23:56:11 +0300] "POST /registration_process.php HTTP/1.1" 400 288
::1 - - [17/Jul/2024:23:56:17 +0300] "POST /registration_process.php HTTP/1.1" 200 142
::1 - - [17/Jul/2024:23:56:17 +0300] "GET / HTTP/1.1" 200 1126
::1 - - [17/Jul/2024:23:56:31 +0300] "POST /delete_user_process.php HTTP/1.1" 200 229
::1 - - [17/Jul/2024:23:56:31 +0300] "GET / HTTP/1.1" 200 1106
::1 - - [17/Jul/2024:23:56:38 +0300] "GET /registration_form.php HTTP/1.1" 200 1341
::1 - - [17/Jul/2024:23:57:19 +0300] "POST /registration_process.php HTTP/1.1" 400 610
